<?xml version="1.0" encoding="UTF-8"?>
<!-- Generated by org.testng.reporters.JUnitReportReporter -->
<testsuite hostname="D78P0F3-LT" failures="0" tests="1" name="testCases.TC_002_LoginTest" time="1.089" errors="0" timestamp="2023-05-30T21:34:01 IST" skipped="0">
  <testcase classname="testCases.TC_002_LoginTest" name="test_login" time="1.089"/>
  <system-out/>
</testsuite> <!-- testCases.TC_002_LoginTest -->
